This file contains any messages produced by compilers while
running configure, to aid debugging if configure makes a mistake.

It was created by configure, which was
generated by GNU Autoconf 2.69.  Invocation command line was

  $ ./configure --with-php-config=/Applications/MAMP/bin/php/php7.1.32/bin/php-config

## --------- ##
## Platform. ##
## --------- ##

hostname = 8b805954.ngrok.io
uname -m = x86_64
uname -r = 17.7.0
uname -s = Darwin
uname -v = Darwin Kernel Version 17.7.0: Thu Jun 21 22:53:14 PDT 2018; root:xnu-4570.71.2~1/RELEASE_X86_64

/usr/bin/uname -p = i386
/bin/uname -X     = unknown

/bin/arch              = unknown
/usr/bin/arch -k       = unknown
/usr/convex/getsysinfo = unknown
/usr/bin/hostinfo      = Mach kernel version:
	 Darwin Kernel Version 17.7.0: Thu Jun 21 22:53:14 PDT 2018; root:xnu-4570.71.2~1/RELEASE_X86_64
Kernel configured for up to 8 processors.
4 processors are physically available.
8 processors are logically available.
Processor type: x86_64h (Intel x86-64h Haswell)
Processors active: 0 1 2 3 4 5 6 7
Primary memory available: 16.00 gigabytes
Default processor set: 470 tasks, 3753 threads, 8 processors
Load average: 3.24, Mach factor: 4.76
/bin/machine           = unknown
/usr/bin/oslevel       = unknown
/bin/universe          = unknown

PATH: /usr/local/Cellar/mongodb-community@4.2/4.2.9/bin
PATH: /usr/local/opt/tomcat@8/bin
PATH: /usr/local/sbin
PATH: /usr/local/bin
PATH: /usr/bin
PATH: /bin
PATH: /usr/sbin
PATH: /sbin
PATH: /opt/X11/bin
PATH: /Library/Frameworks/Mono.framework/Versions/Current/Commands


## ----------- ##
## Core tests. ##
## ----------- ##

configure:2602: checking for grep that handles long lines and -e
configure:2660: result: /usr/bin/grep
configure:2665: checking for egrep
configure:2727: result: /usr/bin/grep -E
configure:2732: checking for a sed that does not truncate output
configure:2786: result: /usr/bin/sed
configure:2923: checking for cc
configure:2939: found /usr/bin/cc
configure:2950: result: cc
configure:2981: checking for C compiler version
configure:2990: cc --version >&5
Apple LLVM version 10.0.0 (clang-1000.11.45.5)
Target: x86_64-apple-darwin17.7.0
Thread model: posix
InstalledDir: /Applications/Xcode.app/Contents/Developer/Toolchains/XcodeDefault.xctoolchain/usr/bin
configure:3001: $? = 0
configure:2990: cc -v >&5
Apple LLVM version 10.0.0 (clang-1000.11.45.5)
Target: x86_64-apple-darwin17.7.0
Thread model: posix
InstalledDir: /Applications/Xcode.app/Contents/Developer/Toolchains/XcodeDefault.xctoolchain/usr/bin
configure:3001: $? = 0
configure:2990: cc -V >&5
clang: error: argument to '-V' is missing (expected 1 value)
clang: error: no input files
configure:3001: $? = 1
configure:2990: cc -qversion >&5
clang: error: unknown argument: '-qversion'
clang: error: no input files
configure:3001: $? = 1
configure:3021: checking whether the C compiler works
configure:3043: cc    conftest.c  >&5
configure:3047: $? = 0
configure:3095: result: yes
configure:3098: checking for C compiler default output file name
configure:3100: result: a.out
configure:3106: checking for suffix of executables
configure:3113: cc -o conftest    conftest.c  >&5
configure:3117: $? = 0
configure:3139: result: 
configure:3161: checking whether we are cross compiling
configure:3169: cc -o conftest    conftest.c  >&5
configure:3173: $? = 0
configure:3180: ./conftest
configure:3184: $? = 0
configure:3199: result: no
configure:3204: checking for suffix of object files
configure:3226: cc -c   conftest.c >&5
configure:3230: $? = 0
configure:3251: result: o
configure:3255: checking whether we are using the GNU C compiler
configure:3274: cc -c   conftest.c >&5
configure:3274: $? = 0
configure:3283: result: yes
configure:3292: checking whether cc accepts -g
configure:3312: cc -c -g  conftest.c >&5
configure:3312: $? = 0
configure:3353: result: yes
configure:3370: checking for cc option to accept ISO C89
configure:3433: cc  -c -g -O2  conftest.c >&5
configure:3433: $? = 0
configure:3446: result: none needed
configure:3472: checking how to run the C preprocessor
configure:3503: cc -E  conftest.c
configure:3503: $? = 0
configure:3517: cc -E  conftest.c
conftest.c:9:10: fatal error: 'ac_nonexistent.h' file not found
#include <ac_nonexistent.h>
         ^~~~~~~~~~~~~~~~~~
1 error generated.
configure:3517: $? = 1
configure: failed program was:
| /* confdefs.h */
| #define PACKAGE_NAME ""
| #define PACKAGE_TARNAME ""
| #define PACKAGE_VERSION ""
| #define PACKAGE_STRING ""
| #define PACKAGE_BUGREPORT ""
| #define PACKAGE_URL ""
| /* end confdefs.h.  */
| #include <ac_nonexistent.h>
configure:3542: result: cc -E
configure:3562: cc -E  conftest.c
configure:3562: $? = 0
configure:3576: cc -E  conftest.c
conftest.c:9:10: fatal error: 'ac_nonexistent.h' file not found
#include <ac_nonexistent.h>
         ^~~~~~~~~~~~~~~~~~
1 error generated.
configure:3576: $? = 1
configure: failed program was:
| /* confdefs.h */
| #define PACKAGE_NAME ""
| #define PACKAGE_TARNAME ""
| #define PACKAGE_VERSION ""
| #define PACKAGE_STRING ""
| #define PACKAGE_BUGREPORT ""
| #define PACKAGE_URL ""
| /* end confdefs.h.  */
| #include <ac_nonexistent.h>
configure:3607: checking for icc
configure:3616: result: no
configure:3630: checking for suncc
configure:3639: result: no
configure:3657: checking whether cc understands -c and -o together
configure:3685: cc -c conftest.c -o conftest2.o >&5
configure:3689: $? = 0
configure:3695: cc -c conftest.c -o conftest2.o >&5
configure:3699: $? = 0
configure:3754: result: yes
configure:3768: checking for system library directory
configure:3783: result: lib
configure:3790: checking if compiler supports -R
configure:3809: cc -o conftest -g -O2   conftest.c -R /usr/lib  >&5
warning: unknown remark option '-R' [-Wunknown-warning-option]
1 warning generated.
ld: can't map file, errno=22 file '/usr/lib' for architecture x86_64
clang: error: linker command failed with exit code 1 (use -v to see invocation)
configure:3809: $? = 1
configure: failed program was:
| /* confdefs.h */
| #define PACKAGE_NAME ""
| #define PACKAGE_TARNAME ""
| #define PACKAGE_VERSION ""
| #define PACKAGE_STRING ""
| #define PACKAGE_BUGREPORT ""
| #define PACKAGE_URL ""
| /* end confdefs.h.  */
| 
| int
| main ()
| {
| 
|   ;
|   return 0;
| }
configure:3819: result: no
configure:3824: checking if compiler supports -Wl,-rpath,
configure:3843: cc -o conftest -g -O2   conftest.c -Wl,-rpath,/usr/lib  >&5
configure:3843: $? = 0
configure:3853: result: yes
configure:3898: checking build system type
configure:3912: result: x86_64-apple-darwin17.7.0
configure:3932: checking host system type
configure:3945: result: x86_64-apple-darwin17.7.0
configure:3965: checking target system type
configure:3978: result: x86_64-apple-darwin17.7.0
configure:4081: checking for PHP prefix
configure:4083: result: /Applications/MAMP/bin/php/php7.1.32
configure:4085: checking for PHP includes
configure:4087: result: -I/Applications/MAMP/bin/php/php7.1.32/include/php -I/Applications/MAMP/bin/php/php7.1.32/include/php/main -I/Applications/MAMP/bin/php/php7.1.32/include/php/TSRM -I/Applications/MAMP/bin/php/php7.1.32/include/php/Zend -I/Applications/MAMP/bin/php/php7.1.32/include/php/ext -I/Applications/MAMP/bin/php/php7.1.32/include/php/ext/date/lib
configure:4089: checking for PHP extension directory
configure:4091: result: /Applications/MAMP/bin/php/php7.1.32/lib/php/extensions/no-debug-non-zts-20160303
configure:4093: checking for PHP installed headers prefix
configure:4095: result: /Applications/MAMP/bin/php/php7.1.32/include/php
configure:4098: checking if debug is enabled
configure:4124: result: no
configure:4127: checking if zts is enabled
configure:4153: result: no
configure:4224: checking for re2c
configure:4254: result: no
configure:4279: WARNING: You will need re2c 0.13.4 or later if you want to regenerate PHP parsers.
configure:4293: checking for gawk
configure:4324: result: no
configure:4293: checking for nawk
configure:4324: result: no
configure:4293: checking for awk
configure:4310: found /usr/bin/awk
configure:4321: result: awk
configure:4344: checking if awk is broken
configure:4351: result: no
configure:4366: checking enable debug log
configure:4380: result: no
configure:4389: checking enable trace log
configure:4403: result: no
configure:4412: checking enable sockets support
configure:4426: result: no
configure:4435: checking enable openssl support
configure:4449: result: no
configure:4458: checking enable http2.0 support
configure:4472: result: no
configure:4481: checking swoole support
configure:4520: result: yes, shared
configure:4529: checking enable mysqlnd support
configure:4543: result: no
configure:4552: checking dir of openssl
configure:4567: result: no
configure:4576: checking dir of jemalloc
configure:4591: result: no
configure:4600: checking enable asan
configure:4614: result: no
configure:4623: checking enable gcov
configure:4637: result: no
configure:4657: checking if compiling with clang
configure:4675: cc -c -g -O2  conftest.c >&5
configure:4675: $? = 0
configure:4682: result: yes
configure:4693: checking for accept4 in -lc
configure:4718: cc -o conftest -g -O2 -std=gnu89   conftest.c -lc   >&5
Undefined symbols for architecture x86_64:
  "_accept4", referenced from:
      _main in conftest-ba3d10.o
ld: symbol(s) not found for architecture x86_64
clang: error: linker command failed with exit code 1 (use -v to see invocation)
configure:4718: $? = 1
configure: failed program was:
| /* confdefs.h */
| #define PACKAGE_NAME ""
| #define PACKAGE_TARNAME ""
| #define PACKAGE_VERSION ""
| #define PACKAGE_STRING ""
| #define PACKAGE_BUGREPORT ""
| #define PACKAGE_URL ""
| /* end confdefs.h.  */
| 
| /* Override any GCC internal prototype to avoid an error.
|    Use char because int might match the return type of a GCC
|    builtin and then its argument prototype would still apply.  */
| #ifdef __cplusplus
| extern "C"
| #endif
| char accept4 ();
| int
| main ()
| {
| return accept4 ();
|   ;
|   return 0;
| }
configure:4727: result: no
configure:4735: checking for signalfd in -lc
configure:4760: cc -o conftest -g -O2 -std=gnu89   conftest.c -lc   >&5
Undefined symbols for architecture x86_64:
  "_signalfd", referenced from:
      _main in conftest-138d72.o
ld: symbol(s) not found for architecture x86_64
clang: error: linker command failed with exit code 1 (use -v to see invocation)
configure:4760: $? = 1
configure: failed program was:
| /* confdefs.h */
| #define PACKAGE_NAME ""
| #define PACKAGE_TARNAME ""
| #define PACKAGE_VERSION ""
| #define PACKAGE_STRING ""
| #define PACKAGE_BUGREPORT ""
| #define PACKAGE_URL ""
| /* end confdefs.h.  */
| 
| /* Override any GCC internal prototype to avoid an error.
|    Use char because int might match the return type of a GCC
|    builtin and then its argument prototype would still apply.  */
| #ifdef __cplusplus
| extern "C"
| #endif
| char signalfd ();
| int
| main ()
| {
| return signalfd ();
|   ;
|   return 0;
| }
configure:4769: result: no
configure:4777: checking for eventfd in -lc
configure:4802: cc -o conftest -g -O2 -std=gnu89   conftest.c -lc   >&5
Undefined symbols for architecture x86_64:
  "_eventfd", referenced from:
      _main in conftest-093b9e.o
ld: symbol(s) not found for architecture x86_64
clang: error: linker command failed with exit code 1 (use -v to see invocation)
configure:4802: $? = 1
configure: failed program was:
| /* confdefs.h */
| #define PACKAGE_NAME ""
| #define PACKAGE_TARNAME ""
| #define PACKAGE_VERSION ""
| #define PACKAGE_STRING ""
| #define PACKAGE_BUGREPORT ""
| #define PACKAGE_URL ""
| /* end confdefs.h.  */
| 
| /* Override any GCC internal prototype to avoid an error.
|    Use char because int might match the return type of a GCC
|    builtin and then its argument prototype would still apply.  */
| #ifdef __cplusplus
| extern "C"
| #endif
| char eventfd ();
| int
| main ()
| {
| return eventfd ();
|   ;
|   return 0;
| }
configure:4811: result: no
configure:4819: checking for epoll_create in -lc
configure:4844: cc -o conftest -g -O2 -std=gnu89   conftest.c -lc   >&5
Undefined symbols for architecture x86_64:
  "_epoll_create", referenced from:
      _main in conftest-c6f728.o
ld: symbol(s) not found for architecture x86_64
clang: error: linker command failed with exit code 1 (use -v to see invocation)
configure:4844: $? = 1
configure: failed program was:
| /* confdefs.h */
| #define PACKAGE_NAME ""
| #define PACKAGE_TARNAME ""
| #define PACKAGE_VERSION ""
| #define PACKAGE_STRING ""
| #define PACKAGE_BUGREPORT ""
| #define PACKAGE_URL ""
| /* end confdefs.h.  */
| 
| /* Override any GCC internal prototype to avoid an error.
|    Use char because int might match the return type of a GCC
|    builtin and then its argument prototype would still apply.  */
| #ifdef __cplusplus
| extern "C"
| #endif
| char epoll_create ();
| int
| main ()
| {
| return epoll_create ();
|   ;
|   return 0;
| }
configure:4853: result: no
configure:4861: checking for poll in -lc
configure:4886: cc -o conftest -g -O2 -std=gnu89   conftest.c -lc   >&5
configure:4886: $? = 0
configure:4895: result: yes
configure:4903: checking for sendfile in -lc
configure:4928: cc -o conftest -g -O2 -std=gnu89   conftest.c -lc   >&5
configure:4928: $? = 0
configure:4937: result: yes
configure:4945: checking for kqueue in -lc
configure:4970: cc -o conftest -g -O2 -std=gnu89   conftest.c -lc   >&5
configure:4970: $? = 0
configure:4979: result: yes
configure:4987: checking for backtrace in -lc
configure:5012: cc -o conftest -g -O2 -std=gnu89   conftest.c -lc   >&5
configure:5012: $? = 0
configure:5021: result: yes
configure:5029: checking for daemon in -lc
configure:5054: cc -o conftest -g -O2 -std=gnu89   conftest.c -lc   >&5
configure:5054: $? = 0
configure:5063: result: yes
configure:5071: checking for mkostemp in -lc
configure:5096: cc -o conftest -g -O2 -std=gnu89   conftest.c -lc   >&5
configure:5096: $? = 0
configure:5105: result: yes
configure:5113: checking for inotify_init in -lc
configure:5138: cc -o conftest -g -O2 -std=gnu89   conftest.c -lc   >&5
Undefined symbols for architecture x86_64:
  "_inotify_init", referenced from:
      _main in conftest-9cc8af.o
ld: symbol(s) not found for architecture x86_64
clang: error: linker command failed with exit code 1 (use -v to see invocation)
configure:5138: $? = 1
configure: failed program was:
| /* confdefs.h */
| #define PACKAGE_NAME ""
| #define PACKAGE_TARNAME ""
| #define PACKAGE_VERSION ""
| #define PACKAGE_STRING ""
| #define PACKAGE_BUGREPORT ""
| #define PACKAGE_URL ""
| #define HAVE_POLL 1
| #define HAVE_SENDFILE 1
| #define HAVE_KQUEUE 1
| #define HAVE_EXECINFO 1
| #define HAVE_DAEMON 1
| #define HAVE_MKOSTEMP 1
| /* end confdefs.h.  */
| 
| /* Override any GCC internal prototype to avoid an error.
|    Use char because int might match the return type of a GCC
|    builtin and then its argument prototype would still apply.  */
| #ifdef __cplusplus
| extern "C"
| #endif
| char inotify_init ();
| int
| main ()
| {
| return inotify_init ();
|   ;
|   return 0;
| }
configure:5147: result: no
configure:5155: checking for malloc_trim in -lc
configure:5180: cc -o conftest -g -O2 -std=gnu89   conftest.c -lc   >&5
Undefined symbols for architecture x86_64:
  "_malloc_trim", referenced from:
      _main in conftest-3b23ec.o
ld: symbol(s) not found for architecture x86_64
clang: error: linker command failed with exit code 1 (use -v to see invocation)
configure:5180: $? = 1
configure: failed program was:
| /* confdefs.h */
| #define PACKAGE_NAME ""
| #define PACKAGE_TARNAME ""
| #define PACKAGE_VERSION ""
| #define PACKAGE_STRING ""
| #define PACKAGE_BUGREPORT ""
| #define PACKAGE_URL ""
| #define HAVE_POLL 1
| #define HAVE_SENDFILE 1
| #define HAVE_KQUEUE 1
| #define HAVE_EXECINFO 1
| #define HAVE_DAEMON 1
| #define HAVE_MKOSTEMP 1
| /* end confdefs.h.  */
| 
| /* Override any GCC internal prototype to avoid an error.
|    Use char because int might match the return type of a GCC
|    builtin and then its argument prototype would still apply.  */
| #ifdef __cplusplus
| extern "C"
| #endif
| char malloc_trim ();
| int
| main ()
| {
| return malloc_trim ();
|   ;
|   return 0;
| }
configure:5189: result: no
configure:5197: checking for inotify_init1 in -lc
configure:5222: cc -o conftest -g -O2 -std=gnu89   conftest.c -lc   >&5
Undefined symbols for architecture x86_64:
  "_inotify_init1", referenced from:
      _main in conftest-f7a8da.o
ld: symbol(s) not found for architecture x86_64
clang: error: linker command failed with exit code 1 (use -v to see invocation)
configure:5222: $? = 1
configure: failed program was:
| /* confdefs.h */
| #define PACKAGE_NAME ""
| #define PACKAGE_TARNAME ""
| #define PACKAGE_VERSION ""
| #define PACKAGE_STRING ""
| #define PACKAGE_BUGREPORT ""
| #define PACKAGE_URL ""
| #define HAVE_POLL 1
| #define HAVE_SENDFILE 1
| #define HAVE_KQUEUE 1
| #define HAVE_EXECINFO 1
| #define HAVE_DAEMON 1
| #define HAVE_MKOSTEMP 1
| /* end confdefs.h.  */
| 
| /* Override any GCC internal prototype to avoid an error.
|    Use char because int might match the return type of a GCC
|    builtin and then its argument prototype would still apply.  */
| #ifdef __cplusplus
| extern "C"
| #endif
| char inotify_init1 ();
| int
| main ()
| {
| return inotify_init1 ();
|   ;
|   return 0;
| }
configure:5231: result: no
configure:5239: checking for gethostbyname2_r in -lc
configure:5264: cc -o conftest -g -O2 -std=gnu89   conftest.c -lc   >&5
Undefined symbols for architecture x86_64:
  "_gethostbyname2_r", referenced from:
      _main in conftest-9a2a00.o
ld: symbol(s) not found for architecture x86_64
clang: error: linker command failed with exit code 1 (use -v to see invocation)
configure:5264: $? = 1
configure: failed program was:
| /* confdefs.h */
| #define PACKAGE_NAME ""
| #define PACKAGE_TARNAME ""
| #define PACKAGE_VERSION ""
| #define PACKAGE_STRING ""
| #define PACKAGE_BUGREPORT ""
| #define PACKAGE_URL ""
| #define HAVE_POLL 1
| #define HAVE_SENDFILE 1
| #define HAVE_KQUEUE 1
| #define HAVE_EXECINFO 1
| #define HAVE_DAEMON 1
| #define HAVE_MKOSTEMP 1
| /* end confdefs.h.  */
| 
| /* Override any GCC internal prototype to avoid an error.
|    Use char because int might match the return type of a GCC
|    builtin and then its argument prototype would still apply.  */
| #ifdef __cplusplus
| extern "C"
| #endif
| char gethostbyname2_r ();
| int
| main ()
| {
| return gethostbyname2_r ();
|   ;
|   return 0;
| }
configure:5273: result: no
configure:5281: checking for ptrace in -lc
configure:5306: cc -o conftest -g -O2 -std=gnu89   conftest.c -lc   >&5
configure:5306: $? = 0
configure:5315: result: yes
configure:5323: checking for pthread_rwlock_init in -lpthread
configure:5348: cc -o conftest -g -O2 -std=gnu89   conftest.c -lpthread   >&5
configure:5348: $? = 0
configure:5357: result: yes
configure:5365: checking for pthread_spin_lock in -lpthread
configure:5390: cc -o conftest -g -O2 -std=gnu89   conftest.c -lpthread   >&5
Undefined symbols for architecture x86_64:
  "_pthread_spin_lock", referenced from:
      _main in conftest-7de6cc.o
ld: symbol(s) not found for architecture x86_64
clang: error: linker command failed with exit code 1 (use -v to see invocation)
configure:5390: $? = 1
configure: failed program was:
| /* confdefs.h */
| #define PACKAGE_NAME ""
| #define PACKAGE_TARNAME ""
| #define PACKAGE_VERSION ""
| #define PACKAGE_STRING ""
| #define PACKAGE_BUGREPORT ""
| #define PACKAGE_URL ""
| #define HAVE_POLL 1
| #define HAVE_SENDFILE 1
| #define HAVE_KQUEUE 1
| #define HAVE_EXECINFO 1
| #define HAVE_DAEMON 1
| #define HAVE_MKOSTEMP 1
| #define HAVE_PTRACE 1
| #define HAVE_RWLOCK 1
| /* end confdefs.h.  */
| 
| /* Override any GCC internal prototype to avoid an error.
|    Use char because int might match the return type of a GCC
|    builtin and then its argument prototype would still apply.  */
| #ifdef __cplusplus
| extern "C"
| #endif
| char pthread_spin_lock ();
| int
| main ()
| {
| return pthread_spin_lock ();
|   ;
|   return 0;
| }
configure:5399: result: no
configure:5407: checking for pthread_mutex_timedlock in -lpthread
configure:5432: cc -o conftest -g -O2 -std=gnu89   conftest.c -lpthread   >&5
Undefined symbols for architecture x86_64:
  "_pthread_mutex_timedlock", referenced from:
      _main in conftest-d1244f.o
ld: symbol(s) not found for architecture x86_64
clang: error: linker command failed with exit code 1 (use -v to see invocation)
configure:5432: $? = 1
configure: failed program was:
| /* confdefs.h */
| #define PACKAGE_NAME ""
| #define PACKAGE_TARNAME ""
| #define PACKAGE_VERSION ""
| #define PACKAGE_STRING ""
| #define PACKAGE_BUGREPORT ""
| #define PACKAGE_URL ""
| #define HAVE_POLL 1
| #define HAVE_SENDFILE 1
| #define HAVE_KQUEUE 1
| #define HAVE_EXECINFO 1
| #define HAVE_DAEMON 1
| #define HAVE_MKOSTEMP 1
| #define HAVE_PTRACE 1
| #define HAVE_RWLOCK 1
| /* end confdefs.h.  */
| 
| /* Override any GCC internal prototype to avoid an error.
|    Use char because int might match the return type of a GCC
|    builtin and then its argument prototype would still apply.  */
| #ifdef __cplusplus
| extern "C"
| #endif
| char pthread_mutex_timedlock ();
| int
| main ()
| {
| return pthread_mutex_timedlock ();
|   ;
|   return 0;
| }
configure:5441: result: no
configure:5449: checking for pthread_barrier_init in -lpthread
configure:5474: cc -o conftest -g -O2 -std=gnu89   conftest.c -lpthread   >&5
Undefined symbols for architecture x86_64:
  "_pthread_barrier_init", referenced from:
      _main in conftest-a6e05d.o
ld: symbol(s) not found for architecture x86_64
clang: error: linker command failed with exit code 1 (use -v to see invocation)
configure:5474: $? = 1
configure: failed program was:
| /* confdefs.h */
| #define PACKAGE_NAME ""
| #define PACKAGE_TARNAME ""
| #define PACKAGE_VERSION ""
| #define PACKAGE_STRING ""
| #define PACKAGE_BUGREPORT ""
| #define PACKAGE_URL ""
| #define HAVE_POLL 1
| #define HAVE_SENDFILE 1
| #define HAVE_KQUEUE 1
| #define HAVE_EXECINFO 1
| #define HAVE_DAEMON 1
| #define HAVE_MKOSTEMP 1
| #define HAVE_PTRACE 1
| #define HAVE_RWLOCK 1
| /* end confdefs.h.  */
| 
| /* Override any GCC internal prototype to avoid an error.
|    Use char because int might match the return type of a GCC
|    builtin and then its argument prototype would still apply.  */
| #ifdef __cplusplus
| extern "C"
| #endif
| char pthread_barrier_init ();
| int
| main ()
| {
| return pthread_barrier_init ();
|   ;
|   return 0;
| }
configure:5483: result: no
configure:5491: checking for pcre_compile in -lpcre
configure:5516: cc -o conftest -g -O2 -std=gnu89   conftest.c -lpcre   >&5
configure:5516: $? = 0
configure:5525: result: yes
configure:5534: checking for BrotliEncoderCreateInstance in -lbrotlienc
configure:5559: cc -o conftest -g -O2 -std=gnu89   conftest.c -lbrotlienc   >&5
ld: library not found for -lbrotlienc
clang: error: linker command failed with exit code 1 (use -v to see invocation)
configure:5559: $? = 1
configure: failed program was:
| /* confdefs.h */
| #define PACKAGE_NAME ""
| #define PACKAGE_TARNAME ""
| #define PACKAGE_VERSION ""
| #define PACKAGE_STRING ""
| #define PACKAGE_BUGREPORT ""
| #define PACKAGE_URL ""
| #define HAVE_POLL 1
| #define HAVE_SENDFILE 1
| #define HAVE_KQUEUE 1
| #define HAVE_EXECINFO 1
| #define HAVE_DAEMON 1
| #define HAVE_MKOSTEMP 1
| #define HAVE_PTRACE 1
| #define HAVE_RWLOCK 1
| #define HAVE_PCRE 1
| /* end confdefs.h.  */
| 
| /* Override any GCC internal prototype to avoid an error.
|    Use char because int might match the return type of a GCC
|    builtin and then its argument prototype would still apply.  */
| #ifdef __cplusplus
| extern "C"
| #endif
| char BrotliEncoderCreateInstance ();
| int
| main ()
| {
| return BrotliEncoderCreateInstance ();
|   ;
|   return 0;
| }
configure:5568: result: no
configure:5602: checking for gzgets in -lz
configure:5627: cc -o conftest -g -O2 -std=gnu89   conftest.c -lz   >&5
configure:5627: $? = 0
configure:5636: result: yes
configure:5769: checking for cpu affinity
configure:5793: cc -c -g -O2 -std=gnu89  conftest.c >&5
conftest.c:32:9: error: use of undeclared identifier 'cpu_set_t'
        cpu_set_t cpu_set;
        ^
conftest.c:33:19: error: use of undeclared identifier 'cpu_set'
        CPU_ZERO(&cpu_set);
                  ^
2 errors generated.
configure:5793: $? = 1
configure: failed program was:
| /* confdefs.h */
| #define PACKAGE_NAME ""
| #define PACKAGE_TARNAME ""
| #define PACKAGE_VERSION ""
| #define PACKAGE_STRING ""
| #define PACKAGE_BUGREPORT ""
| #define PACKAGE_URL ""
| #define HAVE_POLL 1
| #define HAVE_SENDFILE 1
| #define HAVE_KQUEUE 1
| #define HAVE_EXECINFO 1
| #define HAVE_DAEMON 1
| #define HAVE_MKOSTEMP 1
| #define HAVE_PTRACE 1
| #define HAVE_RWLOCK 1
| #define HAVE_PCRE 1
| #define SW_HAVE_ZLIB 1
| /* end confdefs.h.  */
| 
|         #ifdef __FreeBSD__
|         #include <sys/types.h>
|         #include <sys/cpuset.h>
|         typedef cpuset_t cpu_set_t;
|         #else
|         #include <sched.h>
|         #endif
| 
| int
| main ()
| {
| 
|         cpu_set_t cpu_set;
|         CPU_ZERO(&cpu_set);
| 
|   ;
|   return 0;
| }
configure:5803: result: no
configure:5810: checking for socket REUSEPORT
configure:5828: cc -c -g -O2 -std=gnu89  conftest.c >&5
configure:5828: $? = 0
configure:5833: result: yes
configure:5845: checking for futex
configure:5866: cc -c -g -O2 -std=gnu89  conftest.c >&5
conftest.c:21:18: fatal error: 'linux/futex.h' file not found
        #include <linux/futex.h>
                 ^~~~~~~~~~~~~~~
1 error generated.
configure:5866: $? = 1
configure: failed program was:
| /* confdefs.h */
| #define PACKAGE_NAME ""
| #define PACKAGE_TARNAME ""
| #define PACKAGE_VERSION ""
| #define PACKAGE_STRING ""
| #define PACKAGE_BUGREPORT ""
| #define PACKAGE_URL ""
| #define HAVE_POLL 1
| #define HAVE_SENDFILE 1
| #define HAVE_KQUEUE 1
| #define HAVE_EXECINFO 1
| #define HAVE_DAEMON 1
| #define HAVE_MKOSTEMP 1
| #define HAVE_PTRACE 1
| #define HAVE_RWLOCK 1
| #define HAVE_PCRE 1
| #define SW_HAVE_ZLIB 1
| #define HAVE_REUSEPORT 1
| /* end confdefs.h.  */
| 
|         #include <linux/futex.h>
|         #include <syscall.h>
|         #include <unistd.h>
| 
| int
| main ()
| {
| 
|         int futex_addr;
|         int val1;
|         syscall(SYS_futex, &futex_addr, val1, NULL, NULL, 0);
| 
|   ;
|   return 0;
| }
configure:5876: result: no
configure:5883: checking for ucontext
configure:5903: cc -c -g -O2 -std=gnu89  conftest.c >&5
In file included from conftest.c:22:
/usr/include/ucontext.h:43:2: error: The deprecated ucontext routines require _XOPEN_SOURCE to be defined
#error The deprecated ucontext routines require _XOPEN_SOURCE to be defined
 ^
conftest.c:29:9: error: use of undeclared identifier 'ucontext_t'
        ucontext_t context;
        ^
conftest.c:30:9: warning: declaration of built-in function 'getcontext' requires inclusion of the header <ucontext.h> [-Wbuiltin-requires-header]
        getcontext(&context);
        ^
conftest.c:30:21: error: use of undeclared identifier 'context'
        getcontext(&context);
                    ^
1 warning and 3 errors generated.
configure:5903: $? = 1
configure: failed program was:
| /* confdefs.h */
| #define PACKAGE_NAME ""
| #define PACKAGE_TARNAME ""
| #define PACKAGE_VERSION ""
| #define PACKAGE_STRING ""
| #define PACKAGE_BUGREPORT ""
| #define PACKAGE_URL ""
| #define HAVE_POLL 1
| #define HAVE_SENDFILE 1
| #define HAVE_KQUEUE 1
| #define HAVE_EXECINFO 1
| #define HAVE_DAEMON 1
| #define HAVE_MKOSTEMP 1
| #define HAVE_PTRACE 1
| #define HAVE_RWLOCK 1
| #define HAVE_PCRE 1
| #define SW_HAVE_ZLIB 1
| #define HAVE_REUSEPORT 1
| /* end confdefs.h.  */
| 
|         #include <stdio.h>
|         #include <ucontext.h>
|         #include <unistd.h>
| 
| int
| main ()
| {
| 
|         ucontext_t context;
|         getcontext(&context);
| 
|   ;
|   return 0;
| }
configure:5913: result: no
configure:5977: checking for g++
configure:5993: found /usr/bin/g++
configure:6004: result: g++
configure:6031: checking for C++ compiler version
configure:6040: g++ --version >&5
Apple LLVM version 10.0.0 (clang-1000.11.45.5)
Target: x86_64-apple-darwin17.7.0
Thread model: posix
InstalledDir: /Applications/Xcode.app/Contents/Developer/Toolchains/XcodeDefault.xctoolchain/usr/bin
Configured with: --prefix=/Applications/Xcode.app/Contents/Developer/usr --with-gxx-include-dir=/usr/include/c++/4.2.1
configure:6051: $? = 0
configure:6040: g++ -v >&5
Configured with: --prefix=/Applications/Xcode.app/Contents/Developer/usr --with-gxx-include-dir=/usr/include/c++/4.2.1
Apple LLVM version 10.0.0 (clang-1000.11.45.5)
Target: x86_64-apple-darwin17.7.0
Thread model: posix
InstalledDir: /Applications/Xcode.app/Contents/Developer/Toolchains/XcodeDefault.xctoolchain/usr/bin
configure:6051: $? = 0
configure:6040: g++ -V >&5
clang: error: argument to '-V' is missing (expected 1 value)
clang: error: no input files
configure:6051: $? = 1
configure:6040: g++ -qversion >&5
clang: error: unknown argument: '-qversion'
clang: error: no input files
configure:6051: $? = 1
configure:6055: checking whether we are using the GNU C++ compiler
configure:6074: g++ -c   conftest.cpp >&5
configure:6074: $? = 0
configure:6083: result: yes
configure:6092: checking whether g++ accepts -g
configure:6112: g++ -c -g  conftest.cpp >&5
configure:6112: $? = 0
configure:6153: result: yes
configure:6178: checking for valgrind
configure:6201: g++ -c -g -O2  conftest.cpp >&5
conftest.cpp:21:18: fatal error: 'valgrind/valgrind.h' file not found
        #include <valgrind/valgrind.h>
                 ^~~~~~~~~~~~~~~~~~~~~
1 error generated.
configure:6201: $? = 1
configure: failed program was:
| /* confdefs.h */
| #define PACKAGE_NAME ""
| #define PACKAGE_TARNAME ""
| #define PACKAGE_VERSION ""
| #define PACKAGE_STRING ""
| #define PACKAGE_BUGREPORT ""
| #define PACKAGE_URL ""
| #define HAVE_POLL 1
| #define HAVE_SENDFILE 1
| #define HAVE_KQUEUE 1
| #define HAVE_EXECINFO 1
| #define HAVE_DAEMON 1
| #define HAVE_MKOSTEMP 1
| #define HAVE_PTRACE 1
| #define HAVE_RWLOCK 1
| #define HAVE_PCRE 1
| #define SW_HAVE_ZLIB 1
| #define HAVE_REUSEPORT 1
| /* end confdefs.h.  */
| 
|         #include <valgrind/valgrind.h>
| 
| int
| main ()
| {
| 
| 
| 
|   ;
|   return 0;
| }
configure:6211: result: no
configure:6222: checking how to run the C++ preprocessor
configure:6249: g++ -E  conftest.cpp
configure:6249: $? = 0
configure:6263: g++ -E  conftest.cpp
conftest.cpp:20:10: fatal error: 'ac_nonexistent.h' file not found
#include <ac_nonexistent.h>
         ^~~~~~~~~~~~~~~~~~
1 error generated.
configure:6263: $? = 1
configure: failed program was:
| /* confdefs.h */
| #define PACKAGE_NAME ""
| #define PACKAGE_TARNAME ""
| #define PACKAGE_VERSION ""
| #define PACKAGE_STRING ""
| #define PACKAGE_BUGREPORT ""
| #define PACKAGE_URL ""
| #define HAVE_POLL 1
| #define HAVE_SENDFILE 1
| #define HAVE_KQUEUE 1
| #define HAVE_EXECINFO 1
| #define HAVE_DAEMON 1
| #define HAVE_MKOSTEMP 1
| #define HAVE_PTRACE 1
| #define HAVE_RWLOCK 1
| #define HAVE_PCRE 1
| #define SW_HAVE_ZLIB 1
| #define HAVE_REUSEPORT 1
| /* end confdefs.h.  */
| #include <ac_nonexistent.h>
configure:6288: result: g++ -E
configure:6308: g++ -E  conftest.cpp
configure:6308: $? = 0
configure:6322: g++ -E  conftest.cpp
conftest.cpp:20:10: fatal error: 'ac_nonexistent.h' file not found
#include <ac_nonexistent.h>
         ^~~~~~~~~~~~~~~~~~
1 error generated.
configure:6322: $? = 1
configure: failed program was:
| /* confdefs.h */
| #define PACKAGE_NAME ""
| #define PACKAGE_TARNAME ""
| #define PACKAGE_VERSION ""
| #define PACKAGE_STRING ""
| #define PACKAGE_BUGREPORT ""
| #define PACKAGE_URL ""
| #define HAVE_POLL 1
| #define HAVE_SENDFILE 1
| #define HAVE_KQUEUE 1
| #define HAVE_EXECINFO 1
| #define HAVE_DAEMON 1
| #define HAVE_MKOSTEMP 1
| #define HAVE_PTRACE 1
| #define HAVE_RWLOCK 1
| #define HAVE_PCRE 1
| #define SW_HAVE_ZLIB 1
| #define HAVE_REUSEPORT 1
| /* end confdefs.h.  */
| #include <ac_nonexistent.h>
configure:6351: checking for ANSI C header files
configure:6371: g++ -c -g -O2  conftest.cpp >&5
configure:6371: $? = 0
configure:6444: g++ -o conftest -g -O2   conftest.cpp  >&5
configure:6444: $? = 0
configure:6444: ./conftest
configure:6444: $? = 0
configure:6455: result: yes
configure:6468: checking for sys/types.h
configure:6468: g++ -c -g -O2  conftest.cpp >&5
configure:6468: $? = 0
configure:6468: result: yes
configure:6468: checking for sys/stat.h
configure:6468: g++ -c -g -O2  conftest.cpp >&5
configure:6468: $? = 0
configure:6468: result: yes
configure:6468: checking for stdlib.h
configure:6468: g++ -c -g -O2  conftest.cpp >&5
configure:6468: $? = 0
configure:6468: result: yes
configure:6468: checking for string.h
configure:6468: g++ -c -g -O2  conftest.cpp >&5
configure:6468: $? = 0
configure:6468: result: yes
configure:6468: checking for memory.h
configure:6468: g++ -c -g -O2  conftest.cpp >&5
configure:6468: $? = 0
configure:6468: result: yes
configure:6468: checking for strings.h
configure:6468: g++ -c -g -O2  conftest.cpp >&5
configure:6468: $? = 0
configure:6468: result: yes
configure:6468: checking for inttypes.h
configure:6468: g++ -c -g -O2  conftest.cpp >&5
configure:6468: $? = 0
configure:6468: result: yes
configure:6468: checking for stdint.h
configure:6468: g++ -c -g -O2  conftest.cpp >&5
configure:6468: $? = 0
configure:6468: result: yes
configure:6468: checking for unistd.h
configure:6468: g++ -c -g -O2  conftest.cpp >&5
configure:6468: $? = 0
configure:6468: result: yes
configure:6481: checking for struct cmsghdr
configure:6500: g++ -c -g -O2  conftest.cpp >&5
conftest.cpp:36:19: warning: expression result unused [-Wunused-value]
struct cmsghdr s; s
                  ^
1 warning generated.
configure:6500: $? = 0
configure:6508: result: yes
configure:6520: checking for hstrerror
configure:6520: g++ -o conftest -g -O2   conftest.cpp  >&5
configure:6520: $? = 0
configure:6520: result: yes
configure:6520: checking for socketpair
configure:6520: g++ -o conftest -g -O2   conftest.cpp  >&5
configure:6520: $? = 0
configure:6520: result: yes
configure:6520: checking for if_nametoindex
configure:6520: g++ -o conftest -g -O2   conftest.cpp  >&5
configure:6520: $? = 0
configure:6520: result: yes
configure:6520: checking for if_indextoname
configure:6520: g++ -o conftest -g -O2   conftest.cpp  >&5
configure:6520: $? = 0
configure:6520: result: yes
configure:6532: checking netdb.h usability
configure:6532: g++ -c -g -O2  conftest.cpp >&5
configure:6532: $? = 0
configure:6532: result: yes
configure:6532: checking netdb.h presence
configure:6532: g++ -E  conftest.cpp
configure:6532: $? = 0
configure:6532: result: yes
configure:6532: checking for netdb.h
configure:6532: result: yes
configure:6532: checking netinet/tcp.h usability
configure:6532: g++ -c -g -O2  conftest.cpp >&5
configure:6532: $? = 0
configure:6532: result: yes
configure:6532: checking netinet/tcp.h presence
configure:6532: g++ -E  conftest.cpp
configure:6532: $? = 0
configure:6532: result: yes
configure:6532: checking for netinet/tcp.h
configure:6532: result: yes
configure:6532: checking sys/un.h usability
configure:6532: g++ -c -g -O2  conftest.cpp >&5
configure:6532: $? = 0
configure:6532: result: yes
configure:6532: checking sys/un.h presence
configure:6532: g++ -E  conftest.cpp
configure:6532: $? = 0
configure:6532: result: yes
configure:6532: checking for sys/un.h
configure:6532: result: yes
configure:6532: checking sys/sockio.h usability
configure:6532: g++ -c -g -O2  conftest.cpp >&5
configure:6532: $? = 0
configure:6532: result: yes
configure:6532: checking sys/sockio.h presence
configure:6532: g++ -E  conftest.cpp
configure:6532: $? = 0
configure:6532: result: yes
configure:6532: checking for sys/sockio.h
configure:6532: result: yes
configure:6546: checking for field ss_family in struct sockaddr_storage
configure:6567: g++ -c -g -O2  conftest.cpp >&5
configure:6567: $? = 0
configure:6575: result: yes
configure:6584: checking if getaddrinfo supports AI_V4MAPPED
configure:6603: g++ -c -g -O2  conftest.cpp >&5
configure:6603: $? = 0
configure:6611: result: yes
configure:6620: checking if getaddrinfo supports AI_ALL
configure:6639: g++ -c -g -O2  conftest.cpp >&5
configure:6639: $? = 0
configure:6647: result: yes
configure:6656: checking if getaddrinfo supports AI_IDN
configure:6675: g++ -c -g -O2  conftest.cpp >&5
conftest.cpp:49:12: error: use of undeclared identifier 'AI_IDN'
int flag = AI_IDN;
           ^
1 error generated.
configure:6675: $? = 1
configure: failed program was:
| /* confdefs.h */
| #define PACKAGE_NAME ""
| #define PACKAGE_TARNAME ""
| #define PACKAGE_VERSION ""
| #define PACKAGE_STRING ""
| #define PACKAGE_BUGREPORT ""
| #define PACKAGE_URL ""
| #define HAVE_POLL 1
| #define HAVE_SENDFILE 1
| #define HAVE_KQUEUE 1
| #define HAVE_EXECINFO 1
| #define HAVE_DAEMON 1
| #define HAVE_MKOSTEMP 1
| #define HAVE_PTRACE 1
| #define HAVE_RWLOCK 1
| #define HAVE_PCRE 1
| #define SW_HAVE_ZLIB 1
| #define HAVE_REUSEPORT 1
| #define STDC_HEADERS 1
| #define HAVE_SYS_TYPES_H 1
| #define HAVE_SYS_STAT_H 1
| #define HAVE_STDLIB_H 1
| #define HAVE_STRING_H 1
| #define HAVE_MEMORY_H 1
| #define HAVE_STRINGS_H 1
| #define HAVE_INTTYPES_H 1
| #define HAVE_STDINT_H 1
| #define HAVE_UNISTD_H 1
| #define HAVE_CMSGHDR 1
| #define HAVE_HSTRERROR 1
| #define HAVE_SOCKETPAIR 1
| #define HAVE_IF_NAMETOINDEX 1
| #define HAVE_IF_INDEXTONAME 1
| #define HAVE_NETDB_H 1
| #define HAVE_NETINET_TCP_H 1
| #define HAVE_SYS_UN_H 1
| #define HAVE_SYS_SOCKIO_H 1
| #define HAVE_SOCKETS 1
| #define HAVE_SA_SS_FAMILY 1
| #define HAVE_AI_V4MAPPED 1
| #define HAVE_AI_ALL 1
| /* end confdefs.h.  */
| 
| #include <netdb.h>
| 
| int
| main ()
| {
| int flag = AI_IDN;
|   ;
|   return 0;
| }
configure:6683: result: no
configure:6711: checking for clock_gettime in -lc
configure:6736: g++ -o conftest -g -O2   -lpthread conftest.cpp -lc   >&5
configure:6736: $? = 0
configure:6745: result: yes
configure:7944: checking for C++ compiler version
configure:7953: g++ --version >&5
Apple LLVM version 10.0.0 (clang-1000.11.45.5)
Target: x86_64-apple-darwin17.7.0
Thread model: posix
InstalledDir: /Applications/Xcode.app/Contents/Developer/Toolchains/XcodeDefault.xctoolchain/usr/bin
Configured with: --prefix=/Applications/Xcode.app/Contents/Developer/usr --with-gxx-include-dir=/usr/include/c++/4.2.1
configure:7964: $? = 0
configure:7953: g++ -v >&5
Configured with: --prefix=/Applications/Xcode.app/Contents/Developer/usr --with-gxx-include-dir=/usr/include/c++/4.2.1
Apple LLVM version 10.0.0 (clang-1000.11.45.5)
Target: x86_64-apple-darwin17.7.0
Thread model: posix
InstalledDir: /Applications/Xcode.app/Contents/Developer/Toolchains/XcodeDefault.xctoolchain/usr/bin
configure:7964: $? = 0
configure:7953: g++ -V >&5
clang: error: argument to '-V' is missing (expected 1 value)
clang: error: no input files
configure:7964: $? = 1
configure:7953: g++ -qversion >&5
clang: error: unknown argument: '-qversion'
clang: error: no input files
configure:7964: $? = 1
configure:7968: checking whether we are using the GNU C++ compiler
configure:7996: result: yes
configure:8005: checking whether g++ accepts -g
configure:8066: result: yes
configure:8094: checking how to run the C++ preprocessor
configure:8160: result: g++ -E
configure:8180: g++ -E  conftest.cpp
configure:8180: $? = 0
configure:8194: g++ -E  conftest.cpp
conftest.cpp:46:10: fatal error: 'ac_nonexistent.h' file not found
#include <ac_nonexistent.h>
         ^~~~~~~~~~~~~~~~~~
1 error generated.
configure:8194: $? = 1
configure: failed program was:
| /* confdefs.h */
| #define PACKAGE_NAME ""
| #define PACKAGE_TARNAME ""
| #define PACKAGE_VERSION ""
| #define PACKAGE_STRING ""
| #define PACKAGE_BUGREPORT ""
| #define PACKAGE_URL ""
| #define HAVE_POLL 1
| #define HAVE_SENDFILE 1
| #define HAVE_KQUEUE 1
| #define HAVE_EXECINFO 1
| #define HAVE_DAEMON 1
| #define HAVE_MKOSTEMP 1
| #define HAVE_PTRACE 1
| #define HAVE_RWLOCK 1
| #define HAVE_PCRE 1
| #define SW_HAVE_ZLIB 1
| #define HAVE_REUSEPORT 1
| #define STDC_HEADERS 1
| #define HAVE_SYS_TYPES_H 1
| #define HAVE_SYS_STAT_H 1
| #define HAVE_STDLIB_H 1
| #define HAVE_STRING_H 1
| #define HAVE_MEMORY_H 1
| #define HAVE_STRINGS_H 1
| #define HAVE_INTTYPES_H 1
| #define HAVE_STDINT_H 1
| #define HAVE_UNISTD_H 1
| #define HAVE_CMSGHDR 1
| #define HAVE_HSTRERROR 1
| #define HAVE_SOCKETPAIR 1
| #define HAVE_IF_NAMETOINDEX 1
| #define HAVE_IF_INDEXTONAME 1
| #define HAVE_NETDB_H 1
| #define HAVE_NETINET_TCP_H 1
| #define HAVE_SYS_UN_H 1
| #define HAVE_SYS_SOCKIO_H 1
| #define HAVE_SOCKETS 1
| #define HAVE_SA_SS_FAMILY 1
| #define HAVE_AI_V4MAPPED 1
| #define HAVE_AI_ALL 1
| #define HAVE_CLOCK_GETTIME 1
| #define SW_USE_HTTP2 1
| #define COMPILE_DL_SWOOLE 1
| /* end confdefs.h.  */
| #include <ac_nonexistent.h>
configure:8419: checking for ld used by cc
configure:8486: result: /Applications/Xcode.app/Contents/Developer/Toolchains/XcodeDefault.xctoolchain/usr/bin/ld
configure:8493: checking if the linker (/Applications/Xcode.app/Contents/Developer/Toolchains/XcodeDefault.xctoolchain/usr/bin/ld) is GNU ld
configure:8508: result: no
configure:8513: checking for /Applications/Xcode.app/Contents/Developer/Toolchains/XcodeDefault.xctoolchain/usr/bin/ld option to reload object files
configure:8520: result: -r
configure:8538: checking for BSD-compatible nm
configure:8587: result: /usr/bin/nm -B
configure:8591: checking whether ln -s works
configure:8595: result: yes
configure:8602: checking how to recognize dependent libraries
configure:8788: result: pass_all
configure:9008: checking dlfcn.h usability
configure:9008: g++ -c -g -O2 -Wall -Wno-unused-function -Wno-deprecated -Wno-deprecated-declarations -std=c++11  conftest.cpp >&5
configure:9008: $? = 0
configure:9008: result: yes
configure:9008: checking dlfcn.h presence
configure:9008: g++ -E  conftest.cpp
configure:9008: $? = 0
configure:9008: result: yes
configure:9008: checking for dlfcn.h
configure:9008: result: yes
configure:9028: checking how to run the C++ preprocessor
configure:9094: result: g++ -E
configure:9114: g++ -E  conftest.cpp
configure:9114: $? = 0
configure:9128: g++ -E  conftest.cpp
conftest.cpp:47:10: fatal error: 'ac_nonexistent.h' file not found
#include <ac_nonexistent.h>
         ^~~~~~~~~~~~~~~~~~
1 error generated.
configure:9128: $? = 1
configure: failed program was:
| /* confdefs.h */
| #define PACKAGE_NAME ""
| #define PACKAGE_TARNAME ""
| #define PACKAGE_VERSION ""
| #define PACKAGE_STRING ""
| #define PACKAGE_BUGREPORT ""
| #define PACKAGE_URL ""
| #define HAVE_POLL 1
| #define HAVE_SENDFILE 1
| #define HAVE_KQUEUE 1
| #define HAVE_EXECINFO 1
| #define HAVE_DAEMON 1
| #define HAVE_MKOSTEMP 1
| #define HAVE_PTRACE 1
| #define HAVE_RWLOCK 1
| #define HAVE_PCRE 1
| #define SW_HAVE_ZLIB 1
| #define HAVE_REUSEPORT 1
| #define STDC_HEADERS 1
| #define HAVE_SYS_TYPES_H 1
| #define HAVE_SYS_STAT_H 1
| #define HAVE_STDLIB_H 1
| #define HAVE_STRING_H 1
| #define HAVE_MEMORY_H 1
| #define HAVE_STRINGS_H 1
| #define HAVE_INTTYPES_H 1
| #define HAVE_STDINT_H 1
| #define HAVE_UNISTD_H 1
| #define HAVE_CMSGHDR 1
| #define HAVE_HSTRERROR 1
| #define HAVE_SOCKETPAIR 1
| #define HAVE_IF_NAMETOINDEX 1
| #define HAVE_IF_INDEXTONAME 1
| #define HAVE_NETDB_H 1
| #define HAVE_NETINET_TCP_H 1
| #define HAVE_SYS_UN_H 1
| #define HAVE_SYS_SOCKIO_H 1
| #define HAVE_SOCKETS 1
| #define HAVE_SA_SS_FAMILY 1
| #define HAVE_AI_V4MAPPED 1
| #define HAVE_AI_ALL 1
| #define HAVE_CLOCK_GETTIME 1
| #define SW_USE_HTTP2 1
| #define COMPILE_DL_SWOOLE 1
| #define HAVE_DLFCN_H 1
| /* end confdefs.h.  */
| #include <ac_nonexistent.h>
configure:9161: checking the maximum length of command line arguments
configure:9273: result: 196608
configure:9285: checking command to parse /usr/bin/nm -B output from cc object
configure:9390: g++ -c -g -O2 -Wall -Wno-unused-function -Wno-deprecated -Wno-deprecated-declarations -std=c++11  conftest.cpp >&5
configure:9393: $? = 0
configure:9397: /usr/bin/nm -B conftest.o \| sed -n -e 's/^.*[ 	]\([BCDEGRST][BCDEGRST]*\)[ 	][ 	]*\([_A-Za-z][_A-Za-z0-9]*\)$/\1 \2 \2/p' \> conftest.nm
configure:9400: $? = 0
cannot find nm_test_var in conftest.nm
configure:9390: g++ -c -g -O2 -Wall -Wno-unused-function -Wno-deprecated -Wno-deprecated-declarations -std=c++11  conftest.cpp >&5
configure:9393: $? = 0
configure:9397: /usr/bin/nm -B conftest.o \| sed -n -e 's/^.*[ 	]\([BCDEGRST][BCDEGRST]*\)[ 	][ 	]*_\([_A-Za-z][_A-Za-z0-9]*\)$/\1 _\2 \2/p' \> conftest.nm
configure:9400: $? = 0
configure:9452: g++ -o conftest -g -O2 -Wall -Wno-unused-function -Wno-deprecated -Wno-deprecated-declarations -std=c++11   -lpthread conftest.cpp conftstm.o >&5
conftest.cpp:19:1: warning: unused variable 'lt_preloaded_symbols' [-Wunused-const-variable]
lt_preloaded_symbols[] =
^
1 warning generated.
configure:9455: $? = 0
configure:9493: result: ok
configure:9497: checking for objdir
configure:9512: result: .libs
configure:9604: checking for ar
configure:9620: found /usr/bin/ar
configure:9631: result: ar
configure:9696: checking for ranlib
configure:9712: found /usr/bin/ranlib
configure:9723: result: ranlib
configure:9788: checking for strip
configure:9804: found /usr/bin/strip
configure:9815: result: strip
configure:10068: checking for dsymutil
configure:10084: found /usr/bin/dsymutil
configure:10095: result: dsymutil
configure:10160: checking for nmedit
configure:10176: found /usr/bin/nmedit
configure:10187: result: nmedit
configure:10210: checking for -single_module linker flag
configure:10231: result: yes
configure:10233: checking for -exported_symbols_list linker flag
configure:10249: g++ -o conftest -g -O2 -Wall -Wno-unused-function -Wno-deprecated -Wno-deprecated-declarations -std=c++11   -lpthread -Wl,-exported_symbols_list,conftest.sym conftest.cpp -lstdc++  >&5
configure:10252: $? = 0
configure:10266: result: yes
configure:10384: checking if cc supports -fno-rtti -fno-exceptions
configure:10402: cc -c -Wall -pthread -g -O2 -std=gnu89  -fno-rtti -fno-exceptions conftest.c >&5
configure:10406: $? = 0
configure:10419: result: yes
configure:10434: checking for cc option to produce PIC
configure:10674: result: -fno-common
configure:10682: checking if cc PIC flag -fno-common works
configure:10700: cc -c -Wall -pthread -g -O2 -std=gnu89  -fno-common -DPIC conftest.c >&5
configure:10704: $? = 0
configure:10717: result: yes
configure:10745: checking if cc static flag -static works
configure:10773: result: no
configure:10783: checking if cc supports -c -o file.o
configure:10804: cc -c -Wall -pthread -g -O2 -std=gnu89  -o out/conftest2.o conftest.c >&5
configure:10808: $? = 0
configure:10830: result: yes
configure:10856: checking whether the cc linker (/Applications/Xcode.app/Contents/Developer/Toolchains/XcodeDefault.xctoolchain/usr/bin/ld) supports shared libraries
configure:11784: result: yes
configure:11851: checking dynamic linker characteristics
configure:12449: result: darwin17.7.0 dyld
configure:12473: checking how to hardcode library paths into programs
configure:12498: result: immediate
configure:12512: checking whether stripping libraries is possible
configure:12526: result: yes
configure:13034: checking if libtool supports shared libraries
configure:13036: result: yes
configure:13039: checking whether to build shared libraries
configure:13060: result: yes
configure:13063: checking whether to build static libraries
configure:13067: result: no
configure:13162: result:
creating libtool
configure:13753: checking for ld used by g++
configure:13820: result: /Applications/Xcode.app/Contents/Developer/Toolchains/XcodeDefault.xctoolchain/usr/bin/ld
configure:13827: checking if the linker (/Applications/Xcode.app/Contents/Developer/Toolchains/XcodeDefault.xctoolchain/usr/bin/ld) is GNU ld
configure:13842: result: no
configure:13893: checking whether the g++ linker (/Applications/Xcode.app/Contents/Developer/Toolchains/XcodeDefault.xctoolchain/usr/bin/ld) supports shared libraries
configure:14791: result: yes
configure:14812: g++ -c -g -O2 -Wall -Wno-unused-function -Wno-deprecated -Wno-deprecated-declarations -std=c++11  conftest.cpp >&5
configure:14815: $? = 0
configure:14971: checking for g++ option to produce PIC
configure:15261: result: -fno-common
configure:15269: checking if g++ PIC flag -fno-common works
configure:15287: g++ -c -g -O2 -Wall -Wno-unused-function -Wno-deprecated -Wno-deprecated-declarations -std=c++11  -fno-common -DPIC conftest.cpp >&5
configure:15291: $? = 0
configure:15304: result: yes
configure:15332: checking if g++ static flag -static works
configure:15360: result: no
configure:15370: checking if g++ supports -c -o file.o
configure:15391: g++ -c -g -O2 -Wall -Wno-unused-function -Wno-deprecated -Wno-deprecated-declarations -std=c++11  -o out/conftest2.o conftest.cpp >&5
configure:15395: $? = 0
configure:15417: result: yes
configure:15443: checking whether the g++ linker (/Applications/Xcode.app/Contents/Developer/Toolchains/XcodeDefault.xctoolchain/usr/bin/ld) supports shared libraries
configure:15469: result: yes
configure:15536: checking dynamic linker characteristics
configure:16082: result: darwin17.7.0 dyld
configure:16106: checking how to hardcode library paths into programs
configure:16131: result: immediate
configure:16860: creating ./config.status

## ---------------------- ##
## Running config.status. ##
## ---------------------- ##

This file was extended by config.status, which was
generated by GNU Autoconf 2.69.  Invocation command line was

  CONFIG_FILES    = 
  CONFIG_HEADERS  = 
  CONFIG_LINKS    = 
  CONFIG_COMMANDS = 
  $ ./config.status 

on 8b805954.ngrok.io

config.status:702: creating config.h

## ---------------- ##
## Cache variables. ##
## ---------------- ##

ac_cv_build=x86_64-apple-darwin17.7.0
ac_cv_c_compiler_gnu=yes
ac_cv_cmsghdr=yes
ac_cv_cxx_compiler_gnu=yes
ac_cv_env_CCC_set=
ac_cv_env_CCC_value=
ac_cv_env_CC_set=
ac_cv_env_CC_value=
ac_cv_env_CFLAGS_set=
ac_cv_env_CFLAGS_value=
ac_cv_env_CPPFLAGS_set=
ac_cv_env_CPPFLAGS_value=
ac_cv_env_CPP_set=
ac_cv_env_CPP_value=
ac_cv_env_CXXCPP_set=
ac_cv_env_CXXCPP_value=
ac_cv_env_CXXFLAGS_set=
ac_cv_env_CXXFLAGS_value=
ac_cv_env_CXX_set=
ac_cv_env_CXX_value=
ac_cv_env_LDFLAGS_set=
ac_cv_env_LDFLAGS_value=
ac_cv_env_LIBS_set=
ac_cv_env_LIBS_value=
ac_cv_env_build_alias_set=
ac_cv_env_build_alias_value=
ac_cv_env_host_alias_set=
ac_cv_env_host_alias_value=
ac_cv_env_target_alias_set=
ac_cv_env_target_alias_value=
ac_cv_func_hstrerror=yes
ac_cv_func_if_indextoname=yes
ac_cv_func_if_nametoindex=yes
ac_cv_func_socketpair=yes
ac_cv_gai_ai_all=yes
ac_cv_gai_ai_idn=no
ac_cv_gai_ai_v4mapped=yes
ac_cv_header_dlfcn_h=yes
ac_cv_header_inttypes_h=yes
ac_cv_header_memory_h=yes
ac_cv_header_netdb_h=yes
ac_cv_header_netinet_tcp_h=yes
ac_cv_header_stdc=yes
ac_cv_header_stdint_h=yes
ac_cv_header_stdlib_h=yes
ac_cv_header_string_h=yes
ac_cv_header_strings_h=yes
ac_cv_header_sys_sockio_h=yes
ac_cv_header_sys_stat_h=yes
ac_cv_header_sys_types_h=yes
ac_cv_header_sys_un_h=yes
ac_cv_header_unistd_h=yes
ac_cv_host=x86_64-apple-darwin17.7.0
ac_cv_lib_brotlienc_BrotliEncoderCreateInstance=no
ac_cv_lib_c_accept4=no
ac_cv_lib_c_backtrace=yes
ac_cv_lib_c_clock_gettime=yes
ac_cv_lib_c_daemon=yes
ac_cv_lib_c_epoll_create=no
ac_cv_lib_c_eventfd=no
ac_cv_lib_c_gethostbyname2_r=no
ac_cv_lib_c_inotify_init1=no
ac_cv_lib_c_inotify_init=no
ac_cv_lib_c_kqueue=yes
ac_cv_lib_c_malloc_trim=no
ac_cv_lib_c_mkostemp=yes
ac_cv_lib_c_poll=yes
ac_cv_lib_c_ptrace=yes
ac_cv_lib_c_sendfile=yes
ac_cv_lib_c_signalfd=no
ac_cv_lib_pcre_pcre_compile=yes
ac_cv_lib_pthread_pthread_barrier_init=no
ac_cv_lib_pthread_pthread_mutex_timedlock=no
ac_cv_lib_pthread_pthread_rwlock_init=yes
ac_cv_lib_pthread_pthread_spin_lock=no
ac_cv_lib_z_gzgets=yes
ac_cv_objext=o
ac_cv_path_EGREP='/usr/bin/grep -E'
ac_cv_path_GREP=/usr/bin/grep
ac_cv_prog_AWK=awk
ac_cv_prog_CPP='cc -E'
ac_cv_prog_CXXCPP='g++ -E'
ac_cv_prog_ac_ct_AR=ar
ac_cv_prog_ac_ct_CC=cc
ac_cv_prog_ac_ct_CXX=g++
ac_cv_prog_ac_ct_DSYMUTIL=dsymutil
ac_cv_prog_ac_ct_NMEDIT=nmedit
ac_cv_prog_ac_ct_RANLIB=ranlib
ac_cv_prog_ac_ct_STRIP=strip
ac_cv_prog_cc_c89=
ac_cv_prog_cc_cc_c_o=yes
ac_cv_prog_cc_g=yes
ac_cv_prog_cxx_g=yes
ac_cv_ss_family=yes
ac_cv_target=x86_64-apple-darwin17.7.0
lt_cv_apple_cc_single_mod=yes
lt_cv_deplibs_check_method=pass_all
lt_cv_file_magic_cmd='$MAGIC_CMD'
lt_cv_file_magic_test_file=
lt_cv_ld_exported_symbols_list=yes
lt_cv_ld_reload_flag=-r
lt_cv_objdir=.libs
lt_cv_path_LD=/Applications/Xcode.app/Contents/Developer/Toolchains/XcodeDefault.xctoolchain/usr/bin/ld
lt_cv_path_LDCXX=/Applications/Xcode.app/Contents/Developer/Toolchains/XcodeDefault.xctoolchain/usr/bin/ld
lt_cv_path_NM='/usr/bin/nm -B'
lt_cv_path_SED=/usr/bin/sed
lt_cv_prog_compiler_c_o=yes
lt_cv_prog_compiler_c_o_CXX=yes
lt_cv_prog_compiler_pic_works=yes
lt_cv_prog_compiler_pic_works_CXX=yes
lt_cv_prog_compiler_rtti_exceptions=yes
lt_cv_prog_compiler_static_works=no
lt_cv_prog_compiler_static_works_CXX=no
lt_cv_prog_gnu_ld=no
lt_cv_prog_gnu_ldcxx=no
lt_cv_sys_global_symbol_pipe='sed -n -e '\''s/^.*[ 	]\([BCDEGRST][BCDEGRST]*\)[ 	][ 	]*_\([_A-Za-z][_A-Za-z0-9]*\)$/\1 _\2 \2/p'\'''
lt_cv_sys_global_symbol_to_c_name_address='sed -n -e '\''s/^: \([^ ]*\) $/  {\"\1\", (lt_ptr) 0},/p'\'' -e '\''s/^[BCDEGRST] \([^ ]*\) \([^ ]*\)$/  {"\2", (lt_ptr) \&\2},/p'\'''
lt_cv_sys_global_symbol_to_cdecl='sed -n -e '\''s/^. .* \(.*\)$/extern int \1;/p'\'''
lt_cv_sys_lib_dlsearch_path_spec='/usr/local/lib /lib /usr/lib'
lt_cv_sys_lib_search_path_spec='/Applications/Xcode.app/Contents/Developer/Toolchains/XcodeDefault.xctoolchain/usr/lib/clang/10.0.0 /usr/local/lib'
lt_cv_sys_max_cmd_len=196608
lt_lt_cv_prog_compiler_c_o='"yes"'
lt_lt_cv_prog_compiler_c_o_CXX='"yes"'
lt_lt_cv_sys_global_symbol_pipe='"sed -n -e '\''s/^.*[ 	]\\([BCDEGRST][BCDEGRST]*\\)[ 	][ 	]*_\\([_A-Za-z][_A-Za-z0-9]*\\)\$/\\1 _\\2 \\2/p'\''"'
lt_lt_cv_sys_global_symbol_to_c_name_address='"sed -n -e '\''s/^: \\([^ ]*\\) \$/  {\\\"\\1\\\", (lt_ptr) 0},/p'\'' -e '\''s/^[BCDEGRST] \\([^ ]*\\) \\([^ ]*\\)\$/  {\"\\2\", (lt_ptr) \\&\\2},/p'\''"'
lt_lt_cv_sys_global_symbol_to_cdecl='"sed -n -e '\''s/^. .* \\(.*\\)\$/extern int \\1;/p'\''"'
php_cv_cc_dashr=no
php_cv_cc_rpath=yes

## ----------------- ##
## Output variables. ##
## ----------------- ##

AR='ar'
AWK='awk'
CC='cc'
CFLAGS='-Wall -pthread -g -O2 -std=gnu89'
CONFIGURE_COMMAND=' '\''./configure'\''  '\''--with-php-config=/Applications/MAMP/bin/php/php7.1.32/bin/php-config'\'''
CONFIGURE_OPTIONS=' '\''--with-php-config=/Applications/MAMP/bin/php/php7.1.32/bin/php-config'\'''
CPP='cc -E'
CPPFLAGS=' -DHAVE_CONFIG_H'
CXX='g++'
CXXCPP='g++ -E'
CXXFLAGS='-g -O2 -Wall -Wno-unused-function -Wno-deprecated -Wno-deprecated-declarations -std=c++11'
DEFS='-DHAVE_CONFIG_H'
DSYMUTIL='dsymutil'
ECHO='/bin/echo'
ECHO_C='\c'
ECHO_N=''
ECHO_T=''
EGREP='/usr/bin/grep -E'
EXEEXT=''
GREP='/usr/bin/grep'
LDFLAGS=' -lpthread'
LIBOBJS=''
LIBS='-lstdc++ '
LIBTOOL='$(SHELL) $(top_builddir)/libtool'
LN_S='ln -s'
LTLIBOBJS=''
NMEDIT='nmedit'
OBJEXT='o'
PACKAGE_BUGREPORT=''
PACKAGE_NAME=''
PACKAGE_STRING=''
PACKAGE_TARNAME=''
PACKAGE_URL=''
PACKAGE_VERSION=''
PATH_SEPARATOR=':'
RANLIB='ranlib'
RE2C='exit 0;'
SED='/usr/bin/sed'
SHELL='/bin/sh'
SHLIB_DL_SUFFIX_NAME='so'
SHLIB_SUFFIX_NAME='dylib'
STRIP='strip'
ac_ct_CC='cc'
ac_ct_CXX='g++'
bindir='${exec_prefix}/bin'
build='x86_64-apple-darwin17.7.0'
build_alias=''
build_cpu='x86_64'
build_os='darwin17.7.0'
build_vendor='apple'
datadir='${datarootdir}'
datarootdir='${prefix}/share'
docdir='${datarootdir}/doc/${PACKAGE}'
dvidir='${docdir}'
exec_prefix='$(prefix)'
host='x86_64-apple-darwin17.7.0'
host_alias='x86_64-apple-darwin17.7.0'
host_cpu='x86_64'
host_os='darwin17.7.0'
host_vendor='apple'
htmldir='${docdir}'
includedir='${prefix}/include'
infodir='${datarootdir}/info'
libdir='${exec_prefix}/lib'
libexecdir='${exec_prefix}/libexec'
localedir='${datarootdir}/locale'
localstatedir='${prefix}/var'
mandir='${datarootdir}/man'
oldincludedir='/usr/include'
pdfdir='${docdir}'
prefix='/Applications/MAMP/bin/php/php7.1.32'
program_transform_name='s,x,x,'
psdir='${docdir}'
sbindir='${exec_prefix}/sbin'
sharedstatedir='${prefix}/com'
sysconfdir='${prefix}/etc'
target='x86_64-apple-darwin17.7.0'
target_alias=''
target_cpu='x86_64'
target_os='darwin17.7.0'
target_vendor='apple'

## ----------- ##
## confdefs.h. ##
## ----------- ##

/* confdefs.h */
#define PACKAGE_NAME ""
#define PACKAGE_TARNAME ""
#define PACKAGE_VERSION ""
#define PACKAGE_STRING ""
#define PACKAGE_BUGREPORT ""
#define PACKAGE_URL ""
#define HAVE_POLL 1
#define HAVE_SENDFILE 1
#define HAVE_KQUEUE 1
#define HAVE_EXECINFO 1
#define HAVE_DAEMON 1
#define HAVE_MKOSTEMP 1
#define HAVE_PTRACE 1
#define HAVE_RWLOCK 1
#define HAVE_PCRE 1
#define SW_HAVE_ZLIB 1
#define HAVE_REUSEPORT 1
#define STDC_HEADERS 1
#define HAVE_SYS_TYPES_H 1
#define HAVE_SYS_STAT_H 1
#define HAVE_STDLIB_H 1
#define HAVE_STRING_H 1
#define HAVE_MEMORY_H 1
#define HAVE_STRINGS_H 1
#define HAVE_INTTYPES_H 1
#define HAVE_STDINT_H 1
#define HAVE_UNISTD_H 1
#define HAVE_CMSGHDR 1
#define HAVE_HSTRERROR 1
#define HAVE_SOCKETPAIR 1
#define HAVE_IF_NAMETOINDEX 1
#define HAVE_IF_INDEXTONAME 1
#define HAVE_NETDB_H 1
#define HAVE_NETINET_TCP_H 1
#define HAVE_SYS_UN_H 1
#define HAVE_SYS_SOCKIO_H 1
#define HAVE_SOCKETS 1
#define HAVE_SA_SS_FAMILY 1
#define HAVE_AI_V4MAPPED 1
#define HAVE_AI_ALL 1
#define HAVE_CLOCK_GETTIME 1
#define SW_USE_HTTP2 1
#define COMPILE_DL_SWOOLE 1
#define HAVE_DLFCN_H 1

configure: exit 0
